[0;36m(APIServer pid=15663)[0;0m INFO 01-24 23:05:02 [api_server.py:1272] vLLM API server version 0.14.0
[0;36m(APIServer pid=15663)[0;0m INFO 01-24 23:05:02 [utils.py:263] non-default args: {'host': '0.0.0.0', 'model': './models/Qwen_Qwen2.5-0.5B-Instruct', 'dtype': 'bfloat16', 'gpu_memory_utilization': 0.5}
[0;36m(APIServer pid=15663)[0;0m INFO 01-24 23:05:02 [model.py:530] Resolved architecture: Qwen2ForCausalLM
[0;36m(APIServer pid=15663)[0;0m INFO 01-24 23:05:02 [model.py:1545] Using max model len 32768
[0;36m(APIServer pid=15663)[0;0m INFO 01-24 23:05:02 [scheduler.py:229] Chunked prefill is enabled with max_num_batched_tokens=2048.
[0;36m(APIServer pid=15663)[0;0m INFO 01-24 23:05:02 [vllm.py:630] Asynchronous scheduling is enabled.
[0;36m(APIServer pid=15663)[0;0m INFO 01-24 23:05:02 [vllm.py:637] Disabling NCCL for DP synchronization when using async scheduling.
[0;36m(APIServer pid=15663)[0;0m WARNING 01-24 23:05:02 [interface.py:470] Using 'pin_memory=False' as WSL is detected. This may slow down the performance.
[0;36m(EngineCore_DP0 pid=15908)[0;0m INFO 01-24 23:05:07 [core.py:97] Initializing a V1 LLM engine (v0.14.0) with config: model='./models/Qwen_Qwen2.5-0.5B-Instruct', speculative_config=None, tokenizer='./models/Qwen_Qwen2.5-0.5B-Instruct', skip_tokenizer_init=False, tokenizer_mode=auto, revision=None, tokenizer_revision=None, trust_remote_code=False, dtype=torch.bfloat16, max_seq_len=32768, download_dir=None, load_format=auto, tensor_parallel_size=1, pipeline_parallel_size=1, data_parallel_size=1, disable_custom_all_reduce=False, quantization=None, enforce_eager=False, enable_return_routed_experts=False, kv_cache_dtype=auto, device_config=cuda, structured_outputs_config=StructuredOutputsConfig(backend='auto', disable_fallback=False, disable_any_whitespace=False, disable_additional_properties=False, reasoning_parser='', reasoning_parser_plugin='', enable_in_reasoning=False), observability_config=ObservabilityConfig(show_hidden_metrics_for_version=None, otlp_traces_endpoint=None, collect_detailed_traces=None, kv_cache_metrics=False, kv_cache_metrics_sample=0.01, cudagraph_metrics=False, enable_layerwise_nvtx_tracing=False, enable_mfu_metrics=False, enable_mm_processor_stats=False, enable_logging_iteration_details=False), seed=0, served_model_name=./models/Qwen_Qwen2.5-0.5B-Instruct, enable_prefix_caching=True, enable_chunked_prefill=True, pooler_config=None, compilation_config={'level': None, 'mode': <CompilationMode.VLLM_COMPILE: 3>, 'debug_dump_path': None, 'cache_dir': '', 'compile_cache_save_format': 'binary', 'backend': 'inductor', 'custom_ops': ['none'], 'splitting_ops': ['vllm::unified_attention', 'vllm::unified_attention_with_output', 'vllm::unified_mla_attention', 'vllm::unified_mla_attention_with_output', 'vllm::mamba_mixer2', 'vllm::mamba_mixer', 'vllm::short_conv', 'vllm::linear_attention', 'vllm::plamo2_mamba_mixer', 'vllm::gdn_attention_core', 'vllm::kda_attention', 'vllm::sparse_attn_indexer'], 'compile_mm_encoder': False, 'compile_sizes': [], 'compile_ranges_split_points': [2048], 'inductor_compile_config': {'enable_auto_functionalized_v2': False, 'combo_kernels': True, 'benchmark_combo_kernel': True}, 'inductor_passes': {}, 'cudagraph_mode': <CUDAGraphMode.FULL_AND_PIECEWISE: (2, 1)>, 'cudagraph_num_of_warmups': 1, 'cudagraph_capture_sizes': [1, 2, 4, 8, 16, 24, 32, 40, 48, 56, 64, 72, 80, 88, 96, 104, 112, 120, 128, 136, 144, 152, 160, 168, 176, 184, 192, 200, 208, 216, 224, 232, 240, 248, 256, 272, 288, 304, 320, 336, 352, 368, 384, 400, 416, 432, 448, 464, 480, 496, 512], 'cudagraph_copy_inputs': False, 'cudagraph_specialize_lora': True, 'use_inductor_graph_partition': False, 'pass_config': {'fuse_norm_quant': False, 'fuse_act_quant': False, 'fuse_attn_quant': False, 'eliminate_noops': True, 'enable_sp': False, 'fuse_gemm_comms': False, 'fuse_allreduce_rms': False}, 'max_cudagraph_capture_size': 512, 'dynamic_shapes_config': {'type': <DynamicShapesType.BACKED: 'backed'>, 'evaluate_guards': False, 'assume_32_bit_indexing': True}, 'local_cache_dir': None}
[0;36m(EngineCore_DP0 pid=15908)[0;0m INFO 01-24 23:05:09 [parallel_state.py:1214] world_size=1 rank=0 local_rank=0 distributed_init_method=tcp://172.19.38.159:56133 backend=nccl
[0;36m(EngineCore_DP0 pid=15908)[0;0m INFO 01-24 23:05:09 [parallel_state.py:1425] rank 0 in world size 1 is assigned as DP rank 0, PP rank 0, PCP rank 0, TP rank 0, EP rank N/A
[0;36m(EngineCore_DP0 pid=15908)[0;0m WARNING 01-24 23:05:09 [interface.py:470] Using 'pin_memory=False' as WSL is detected. This may slow down the performance.
[0;36m(EngineCore_DP0 pid=15908)[0;0m INFO 01-24 23:05:09 [gpu_model_runner.py:3808] Starting to load model ./models/Qwen_Qwen2.5-0.5B-Instruct...
[0;36m(EngineCore_DP0 pid=15908)[0;0m /root/vllm-env/lib/python3.12/site-packages/tvm_ffi/_optional_torch_c_dlpack.py:174: UserWarning: Failed to JIT torch c dlpack extension, EnvTensorAllocator will not be enabled.
[0;36m(EngineCore_DP0 pid=15908)[0;0m We recommend installing via `pip install torch-c-dlpack-ext`
[0;36m(EngineCore_DP0 pid=15908)[0;0m   warnings.warn(
[0;36m(EngineCore_DP0 pid=15908)[0;0m INFO 01-24 23:05:12 [cuda.py:351] Using FLASH_ATTN attention backend out of potential backends: ('FLASH_ATTN', 'FLASHINFER', 'TRITON_ATTN', 'FLEX_ATTENTION')
[0;36m(EngineCore_DP0 pid=15908)[0;0m Loading safetensors checkpoint shards:   0% Completed | 0/1 [00:00<?, ?it/s]
[0;36m(EngineCore_DP0 pid=15908)[0;0m Loading safetensors checkpoint shards: 100% Completed | 1/1 [00:00<00:00,  1.06it/s]
[0;36m(EngineCore_DP0 pid=15908)[0;0m Loading safetensors checkpoint shards: 100% Completed | 1/1 [00:00<00:00,  1.05it/s]
[0;36m(EngineCore_DP0 pid=15908)[0;0m 
[0;36m(EngineCore_DP0 pid=15908)[0;0m INFO 01-24 23:05:13 [default_loader.py:291] Loading weights took 0.97 seconds
[0;36m(EngineCore_DP0 pid=15908)[0;0m INFO 01-24 23:05:13 [gpu_model_runner.py:3905] Model loading took 0.93 GiB memory and 3.079394 seconds
[0;36m(EngineCore_DP0 pid=15908)[0;0m INFO 01-24 23:05:19 [backends.py:644] Using cache directory: /root/.cache/vllm/torch_compile_cache/238d95057d/rank_0_0/backbone for vLLM's torch.compile
[0;36m(EngineCore_DP0 pid=15908)[0;0m INFO 01-24 23:05:19 [backends.py:704] Dynamo bytecode transform time: 5.60 s
[0;36m(EngineCore_DP0 pid=15908)[0;0m INFO 01-24 23:05:24 [backends.py:226] Directly load the compiled graph(s) for compile range (1, 2048) from the cache, took 1.399 s
[0;36m(EngineCore_DP0 pid=15908)[0;0m INFO 01-24 23:05:24 [monitor.py:34] torch.compile takes 6.99 s in total
[0;36m(EngineCore_DP0 pid=15908)[0;0m INFO 01-24 23:05:25 [gpu_worker.py:358] Available KV cache memory: 5.65 GiB
[0;36m(EngineCore_DP0 pid=15908)[0;0m INFO 01-24 23:05:25 [kv_cache_utils.py:1305] GPU KV cache size: 493,904 tokens
[0;36m(EngineCore_DP0 pid=15908)[0;0m INFO 01-24 23:05:25 [kv_cache_utils.py:1310] Maximum concurrency for 32,768 tokens per request: 15.07x
[0;36m(EngineCore_DP0 pid=15908)[0;0m Capturing CUDA graphs (mixed prefill-decode, PIECEWISE):   0%|          | 0/51 [00:00<?, ?it/s]Capturing CUDA graphs (mixed prefill-decode, PIECEWISE):   6%|â–Œ         | 3/51 [00:00<00:01, 24.73it/s]Capturing CUDA graphs (mixed prefill-decode, PIECEWISE):  12%|â–ˆâ–        | 6/51 [00:00<00:01, 27.23it/s]Capturing CUDA graphs (mixed prefill-decode, PIECEWISE):  18%|â–ˆâ–Š        | 9/51 [00:00<00:01, 25.41it/s]Capturing CUDA graphs (mixed prefill-decode, PIECEWISE):  25%|â–ˆâ–ˆâ–Œ       | 13/51 [00:00<00:01, 27.25it/s]Capturing CUDA graphs (mixed prefill-decode, PIECEWISE):  31%|â–ˆâ–ˆâ–ˆâ–      | 16/51 [00:00<00:01, 27.56it/s]Capturing CUDA graphs (mixed prefill-decode, PIECEWISE):  37%|â–ˆâ–ˆâ–ˆâ–‹      | 19/51 [00:00<00:01, 27.68it/s]Capturing CUDA graphs (mixed prefill-decode, PIECEWISE):  43%|â–ˆâ–ˆâ–ˆâ–ˆâ–Ž     | 22/51 [00:00<00:01, 27.73it/s]Capturing CUDA graphs (mixed prefill-decode, PIECEWISE):  51%|â–ˆâ–ˆâ–ˆâ–ˆâ–ˆ     | 26/51 [00:00<00:00, 29.07it/s]Capturing CUDA graphs (mixed prefill-decode, PIECEWISE):  57%|â–ˆâ–ˆâ–ˆâ–ˆâ–ˆâ–‹    | 29/51 [00:01<00:00, 29.27it/s]Capturing CUDA graphs (mixed prefill-decode, PIECEWISE):  65%|â–ˆâ–ˆâ–ˆâ–ˆâ–ˆâ–ˆâ–   | 33/51 [00:01<00:00, 29.76it/s]Capturing CUDA graphs (mixed prefill-decode, PIECEWISE):  71%|â–ˆâ–ˆâ–ˆâ–ˆâ–ˆâ–ˆâ–ˆ   | 36/51 [00:01<00:00, 28.97it/s]Capturing CUDA graphs (mixed prefill-decode, PIECEWISE):  76%|â–ˆâ–ˆâ–ˆâ–ˆâ–ˆâ–ˆâ–ˆâ–‹  | 39/51 [00:01<00:00, 28.65it/s]Capturing CUDA graphs (mixed prefill-decode, PIECEWISE):  84%|â–ˆâ–ˆâ–ˆâ–ˆâ–ˆâ–ˆâ–ˆâ–ˆâ– | 43/51 [00:01<00:00, 29.29it/s]Capturing CUDA graphs (mixed prefill-decode, PIECEWISE):  92%|â–ˆâ–ˆâ–ˆâ–ˆâ–ˆâ–ˆâ–ˆâ–ˆâ–ˆâ–| 47/51 [00:01<00:00, 29.78it/s]Capturing CUDA graphs (mixed prefill-decode, PIECEWISE): 100%|â–ˆâ–ˆâ–ˆâ–ˆâ–ˆâ–ˆâ–ˆâ–ˆâ–ˆâ–ˆ| 51/51 [00:01<00:00, 28.50it/s]Capturing CUDA graphs (mixed prefill-decode, PIECEWISE): 100%|â–ˆâ–ˆâ–ˆâ–ˆâ–ˆâ–ˆâ–ˆâ–ˆâ–ˆâ–ˆ| 51/51 [00:01<00:00, 28.38it/s]
[0;36m(EngineCore_DP0 pid=15908)[0;0m Capturing CUDA graphs (decode, FULL):   0%|          | 0/35 [00:00<?, ?it/s]Capturing CUDA graphs (decode, FULL):   6%|â–Œ         | 2/35 [00:00<00:01, 19.71it/s]Capturing CUDA graphs (decode, FULL):  17%|â–ˆâ–‹        | 6/35 [00:00<00:01, 28.54it/s]Capturing CUDA graphs (decode, FULL):  29%|â–ˆâ–ˆâ–Š       | 10/35 [00:00<00:00, 30.20it/s]Capturing CUDA graphs (decode, FULL):  37%|â–ˆâ–ˆâ–ˆâ–‹      | 13/35 [00:00<00:00, 28.69it/s]Capturing CUDA graphs (decode, FULL):  49%|â–ˆâ–ˆâ–ˆâ–ˆâ–Š     | 17/35 [00:00<00:00, 30.22it/s]Capturing CUDA graphs (decode, FULL):  60%|â–ˆâ–ˆâ–ˆâ–ˆâ–ˆâ–ˆ    | 21/35 [00:00<00:00, 30.86it/s]Capturing CUDA graphs (decode, FULL):  71%|â–ˆâ–ˆâ–ˆâ–ˆâ–ˆâ–ˆâ–ˆâ–  | 25/35 [00:00<00:00, 30.88it/s]Capturing CUDA graphs (decode, FULL):  83%|â–ˆâ–ˆâ–ˆâ–ˆâ–ˆâ–ˆâ–ˆâ–ˆâ–Ž | 29/35 [00:00<00:00, 31.69it/s]Capturing CUDA graphs (decode, FULL):  94%|â–ˆâ–ˆâ–ˆâ–ˆâ–ˆâ–ˆâ–ˆâ–ˆâ–ˆâ–| 33/35 [00:01<00:00, 31.81it/s]Capturing CUDA graphs (decode, FULL): 100%|â–ˆâ–ˆâ–ˆâ–ˆâ–ˆâ–ˆâ–ˆâ–ˆâ–ˆâ–ˆ| 35/35 [00:01<00:00, 30.73it/s]
[0;36m(EngineCore_DP0 pid=15908)[0;0m INFO 01-24 23:05:28 [gpu_model_runner.py:4856] Graph capturing finished in 3 secs, took 0.37 GiB
[0;36m(EngineCore_DP0 pid=15908)[0;0m INFO 01-24 23:05:28 [core.py:273] init engine (profile, create kv cache, warmup model) took 15.37 seconds
[0;36m(EngineCore_DP0 pid=15908)[0;0m ERROR 01-24 23:05:28 [core.py:936] EngineCore failed to start.
[0;36m(EngineCore_DP0 pid=15908)[0;0m ERROR 01-24 23:05:28 [core.py:936] Traceback (most recent call last):
[0;36m(EngineCore_DP0 pid=15908)[0;0m ERROR 01-24 23:05:28 [core.py:936]   File "/root/vllm-env/lib/python3.12/site-packages/transformers/utils/hub.py", line 479, in cached_files
[0;36m(EngineCore_DP0 pid=15908)[0;0m ERROR 01-24 23:05:28 [core.py:936]     hf_hub_download(
[0;36m(EngineCore_DP0 pid=15908)[0;0m ERROR 01-24 23:05:28 [core.py:936]   File "/root/vllm-env/lib/python3.12/site-packages/huggingface_hub/utils/_validators.py", line 106, in _inner_fn
[0;36m(EngineCore_DP0 pid=15908)[0;0m ERROR 01-24 23:05:28 [core.py:936]     validate_repo_id(arg_value)
[0;36m(EngineCore_DP0 pid=15908)[0;0m ERROR 01-24 23:05:28 [core.py:936]   File "/root/vllm-env/lib/python3.12/site-packages/huggingface_hub/utils/_validators.py", line 154, in validate_repo_id
[0;36m(EngineCore_DP0 pid=15908)[0;0m ERROR 01-24 23:05:28 [core.py:936]     raise HFValidationError(
[0;36m(EngineCore_DP0 pid=15908)[0;0m ERROR 01-24 23:05:28 [core.py:936] huggingface_hub.errors.HFValidationError: Repo id must be in the form 'repo_name' or 'namespace/repo_name': './models/Qwen_Qwen2.5-0.5B-Instruct'. Use `repo_type` argument if needed.
[0;36m(EngineCore_DP0 pid=15908)[0;0m ERROR 01-24 23:05:28 [core.py:936] 
[0;36m(EngineCore_DP0 pid=15908)[0;0m ERROR 01-24 23:05:28 [core.py:936] During handling of the above exception, another exception occurred:
[0;36m(EngineCore_DP0 pid=15908)[0;0m ERROR 01-24 23:05:28 [core.py:936] 
[0;36m(EngineCore_DP0 pid=15908)[0;0m ERROR 01-24 23:05:28 [core.py:936] Traceback (most recent call last):
[0;36m(EngineCore_DP0 pid=15908)[0;0m ERROR 01-24 23:05:28 [core.py:936]   File "/root/vllm-env/lib/python3.12/site-packages/vllm/v1/engine/core.py", line 927, in run_engine_core
[0;36m(EngineCore_DP0 pid=15908)[0;0m ERROR 01-24 23:05:28 [core.py:936]     engine_core = EngineCoreProc(*args, engine_index=dp_rank, **kwargs)
[0;36m(EngineCore_DP0 pid=15908)[0;0m ERROR 01-24 23:05:28 [core.py:936]                   ^^^^^^^^^^^^^^^^^^^^^^^^^^^^^^^^^^^^^^^^^^^^^^^^^^^^^
[0;36m(EngineCore_DP0 pid=15908)[0;0m ERROR 01-24 23:05:28 [core.py:936]   File "/root/vllm-env/lib/python3.12/site-packages/vllm/v1/engine/core.py", line 692, in __init__
[0;36m(EngineCore_DP0 pid=15908)[0;0m ERROR 01-24 23:05:28 [core.py:936]     super().__init__(
[0;36m(EngineCore_DP0 pid=15908)[0;0m ERROR 01-24 23:05:28 [core.py:936]   File "/root/vllm-env/lib/python3.12/site-packages/vllm/v1/engine/core.py", line 121, in __init__
[0;36m(EngineCore_DP0 pid=15908)[0;0m ERROR 01-24 23:05:28 [core.py:936]     self.structured_output_manager = StructuredOutputManager(vllm_config)
[0;36m(EngineCore_DP0 pid=15908)[0;0m ERROR 01-24 23:05:28 [core.py:936]                                      ^^^^^^^^^^^^^^^^^^^^^^^^^^^^^^^^^^^^
[0;36m(EngineCore_DP0 pid=15908)[0;0m ERROR 01-24 23:05:28 [core.py:936]   File "/root/vllm-env/lib/python3.12/site-packages/vllm/v1/structured_output/__init__.py", line 74, in __init__
[0;36m(EngineCore_DP0 pid=15908)[0;0m ERROR 01-24 23:05:28 [core.py:936]     self.tokenizer = cached_tokenizer_from_config(
[0;36m(EngineCore_DP0 pid=15908)[0;0m ERROR 01-24 23:05:28 [core.py:936]                      ^^^^^^^^^^^^^^^^^^^^^^^^^^^^^
[0;36m(EngineCore_DP0 pid=15908)[0;0m ERROR 01-24 23:05:28 [core.py:936]   File "/root/vllm-env/lib/python3.12/site-packages/vllm/tokenizers/registry.py", line 231, in cached_tokenizer_from_config
[0;36m(EngineCore_DP0 pid=15908)[0;0m ERROR 01-24 23:05:28 [core.py:936]     return cached_get_tokenizer(
[0;36m(EngineCore_DP0 pid=15908)[0;0m ERROR 01-24 23:05:28 [core.py:936]            ^^^^^^^^^^^^^^^^^^^^^
[0;36m(EngineCore_DP0 pid=15908)[0;0m ERROR 01-24 23:05:28 [core.py:936]   File "/root/vllm-env/lib/python3.12/site-packages/vllm/tokenizers/registry.py", line 214, in get_tokenizer
[0;36m(EngineCore_DP0 pid=15908)[0;0m ERROR 01-24 23:05:28 [core.py:936]     tokenizer = tokenizer_cls_.from_pretrained(tokenizer_name, *args, **kwargs)
[0;36m(EngineCore_DP0 pid=15908)[0;0m ERROR 01-24 23:05:28 [core.py:936]                 ^^^^^^^^^^^^^^^^^^^^^^^^^^^^^^^^^^^^^^^^^^^^^^^^^^^^^^^^^^^^^^^
[0;36m(EngineCore_DP0 pid=15908)[0;0m ERROR 01-24 23:05:28 [core.py:936]   File "/root/vllm-env/lib/python3.12/site-packages/vllm/tokenizers/hf.py", line 104, in from_pretrained
[0;36m(EngineCore_DP0 pid=15908)[0;0m ERROR 01-24 23:05:28 [core.py:936]     raise e
[0;36m(EngineCore_DP0 pid=15908)[0;0m ERROR 01-24 23:05:28 [core.py:936]   File "/root/vllm-env/lib/python3.12/site-packages/vllm/tokenizers/hf.py", line 79, in from_pretrained
[0;36m(EngineCore_DP0 pid=15908)[0;0m ERROR 01-24 23:05:28 [core.py:936]     tokenizer = AutoTokenizer.from_pretrained(
[0;36m(EngineCore_DP0 pid=15908)[0;0m ERROR 01-24 23:05:28 [core.py:936]                 ^^^^^^^^^^^^^^^^^^^^^^^^^^^^^^
[0;36m(EngineCore_DP0 pid=15908)[0;0m ERROR 01-24 23:05:28 [core.py:936]   File "/root/vllm-env/lib/python3.12/site-packages/transformers/models/auto/tokenization_auto.py", line 1089, in from_pretrained
[0;36m(EngineCore_DP0 pid=15908)[0;0m ERROR 01-24 23:05:28 [core.py:936]     tokenizer_config = get_tokenizer_config(pretrained_model_name_or_path, **kwargs)
[0;36m(EngineCore_DP0 pid=15908)[0;0m ERROR 01-24 23:05:28 [core.py:936]                        ^^^^^^^^^^^^^^^^^^^^^^^^^^^^^^^^^^^^^^^^^^^^^^^^^^^^^^^^^^^^^
[0;36m(EngineCore_DP0 pid=15908)[0;0m ERROR 01-24 23:05:28 [core.py:936]   File "/root/vllm-env/lib/python3.12/site-packages/transformers/models/auto/tokenization_auto.py", line 921, in get_tokenizer_config
[0;36m(EngineCore_DP0 pid=15908)[0;0m ERROR 01-24 23:05:28 [core.py:936]     resolved_config_file = cached_file(
[0;36m(EngineCore_DP0 pid=15908)[0;0m ERROR 01-24 23:05:28 [core.py:936]                            ^^^^^^^^^^^^
[0;36m(EngineCore_DP0 pid=15908)[0;0m ERROR 01-24 23:05:28 [core.py:936]   File "/root/vllm-env/lib/python3.12/site-packages/transformers/utils/hub.py", line 322, in cached_file
[0;36m(EngineCore_DP0 pid=15908)[0;0m ERROR 01-24 23:05:28 [core.py:936]     file = cached_files(path_or_repo_id=path_or_repo_id, filenames=[filename], **kwargs)
[0;36m(EngineCore_DP0 pid=15908)[0;0m ERROR 01-24 23:05:28 [core.py:936]            ^^^^^^^^^^^^^^^^^^^^^^^^^^^^^^^^^^^^^^^^^^^^^^^^^^^^^^^^^^^^^^^^^^^^^^^^^^^^^
[0;36m(EngineCore_DP0 pid=15908)[0;0m ERROR 01-24 23:05:28 [core.py:936]   File "/root/vllm-env/lib/python3.12/site-packages/transformers/utils/hub.py", line 532, in cached_files
[0;36m(EngineCore_DP0 pid=15908)[0;0m ERROR 01-24 23:05:28 [core.py:936]     _get_cache_file_to_return(path_or_repo_id, filename, cache_dir, revision, repo_type)
[0;36m(EngineCore_DP0 pid=15908)[0;0m ERROR 01-24 23:05:28 [core.py:936]   File "/root/vllm-env/lib/python3.12/site-packages/transformers/utils/hub.py", line 143, in _get_cache_file_to_return
[0;36m(EngineCore_DP0 pid=15908)[0;0m ERROR 01-24 23:05:28 [core.py:936]     resolved_file = try_to_load_from_cache(
[0;36m(EngineCore_DP0 pid=15908)[0;0m ERROR 01-24 23:05:28 [core.py:936]                     ^^^^^^^^^^^^^^^^^^^^^^^
[0;36m(EngineCore_DP0 pid=15908)[0;0m ERROR 01-24 23:05:28 [core.py:936]   File "/root/vllm-env/lib/python3.12/site-packages/huggingface_hub/utils/_validators.py", line 106, in _inner_fn
[0;36m(EngineCore_DP0 pid=15908)[0;0m ERROR 01-24 23:05:28 [core.py:936]     validate_repo_id(arg_value)
[0;36m(EngineCore_DP0 pid=15908)[0;0m ERROR 01-24 23:05:28 [core.py:936]   File "/root/vllm-env/lib/python3.12/site-packages/huggingface_hub/utils/_validators.py", line 154, in validate_repo_id
[0;36m(EngineCore_DP0 pid=15908)[0;0m ERROR 01-24 23:05:28 [core.py:936]     raise HFValidationError(
[0;36m(EngineCore_DP0 pid=15908)[0;0m ERROR 01-24 23:05:28 [core.py:936] huggingface_hub.errors.HFValidationError: Repo id must be in the form 'repo_name' or 'namespace/repo_name': './models/Qwen_Qwen2.5-0.5B-Instruct'. Use `repo_type` argument if needed.
[0;36m(EngineCore_DP0 pid=15908)[0;0m Process EngineCore_DP0:
[0;36m(EngineCore_DP0 pid=15908)[0;0m Traceback (most recent call last):
[0;36m(EngineCore_DP0 pid=15908)[0;0m   File "/root/vllm-env/lib/python3.12/site-packages/transformers/utils/hub.py", line 479, in cached_files
[0;36m(EngineCore_DP0 pid=15908)[0;0m     hf_hub_download(
[0;36m(EngineCore_DP0 pid=15908)[0;0m   File "/root/vllm-env/lib/python3.12/site-packages/huggingface_hub/utils/_validators.py", line 106, in _inner_fn
[0;36m(EngineCore_DP0 pid=15908)[0;0m     validate_repo_id(arg_value)
[0;36m(EngineCore_DP0 pid=15908)[0;0m   File "/root/vllm-env/lib/python3.12/site-packages/huggingface_hub/utils/_validators.py", line 154, in validate_repo_id
[0;36m(EngineCore_DP0 pid=15908)[0;0m     raise HFValidationError(
[0;36m(EngineCore_DP0 pid=15908)[0;0m huggingface_hub.errors.HFValidationError: Repo id must be in the form 'repo_name' or 'namespace/repo_name': './models/Qwen_Qwen2.5-0.5B-Instruct'. Use `repo_type` argument if needed.
[0;36m(EngineCore_DP0 pid=15908)[0;0m 
[0;36m(EngineCore_DP0 pid=15908)[0;0m During handling of the above exception, another exception occurred:
[0;36m(EngineCore_DP0 pid=15908)[0;0m 
[0;36m(EngineCore_DP0 pid=15908)[0;0m Traceback (most recent call last):
[0;36m(EngineCore_DP0 pid=15908)[0;0m   File "/usr/lib/python3.12/multiprocessing/process.py", line 314, in _bootstrap
[0;36m(EngineCore_DP0 pid=15908)[0;0m     self.run()
[0;36m(EngineCore_DP0 pid=15908)[0;0m   File "/usr/lib/python3.12/multiprocessing/process.py", line 108, in run
[0;36m(EngineCore_DP0 pid=15908)[0;0m     self._target(*self._args, **self._kwargs)
[0;36m(EngineCore_DP0 pid=15908)[0;0m   File "/root/vllm-env/lib/python3.12/site-packages/vllm/v1/engine/core.py", line 940, in run_engine_core
[0;36m(EngineCore_DP0 pid=15908)[0;0m     raise e
[0;36m(EngineCore_DP0 pid=15908)[0;0m   File "/root/vllm-env/lib/python3.12/site-packages/vllm/v1/engine/core.py", line 927, in run_engine_core
[0;36m(EngineCore_DP0 pid=15908)[0;0m     engine_core = EngineCoreProc(*args, engine_index=dp_rank, **kwargs)
[0;36m(EngineCore_DP0 pid=15908)[0;0m                   ^^^^^^^^^^^^^^^^^^^^^^^^^^^^^^^^^^^^^^^^^^^^^^^^^^^^^
[0;36m(EngineCore_DP0 pid=15908)[0;0m   File "/root/vllm-env/lib/python3.12/site-packages/vllm/v1/engine/core.py", line 692, in __init__
[0;36m(EngineCore_DP0 pid=15908)[0;0m     super().__init__(
[0;36m(EngineCore_DP0 pid=15908)[0;0m   File "/root/vllm-env/lib/python3.12/site-packages/vllm/v1/engine/core.py", line 121, in __init__
[0;36m(EngineCore_DP0 pid=15908)[0;0m     self.structured_output_manager = StructuredOutputManager(vllm_config)
[0;36m(EngineCore_DP0 pid=15908)[0;0m                                      ^^^^^^^^^^^^^^^^^^^^^^^^^^^^^^^^^^^^
[0;36m(EngineCore_DP0 pid=15908)[0;0m   File "/root/vllm-env/lib/python3.12/site-packages/vllm/v1/structured_output/__init__.py", line 74, in __init__
[0;36m(EngineCore_DP0 pid=15908)[0;0m     self.tokenizer = cached_tokenizer_from_config(
[0;36m(EngineCore_DP0 pid=15908)[0;0m                      ^^^^^^^^^^^^^^^^^^^^^^^^^^^^^
[0;36m(EngineCore_DP0 pid=15908)[0;0m   File "/root/vllm-env/lib/python3.12/site-packages/vllm/tokenizers/registry.py", line 231, in cached_tokenizer_from_config
[0;36m(EngineCore_DP0 pid=15908)[0;0m     return cached_get_tokenizer(
[0;36m(EngineCore_DP0 pid=15908)[0;0m            ^^^^^^^^^^^^^^^^^^^^^
[0;36m(EngineCore_DP0 pid=15908)[0;0m   File "/root/vllm-env/lib/python3.12/site-packages/vllm/tokenizers/registry.py", line 214, in get_tokenizer
[0;36m(EngineCore_DP0 pid=15908)[0;0m     tokenizer = tokenizer_cls_.from_pretrained(tokenizer_name, *args, **kwargs)
[0;36m(EngineCore_DP0 pid=15908)[0;0m                 ^^^^^^^^^^^^^^^^^^^^^^^^^^^^^^^^^^^^^^^^^^^^^^^^^^^^^^^^^^^^^^^
[0;36m(EngineCore_DP0 pid=15908)[0;0m   File "/root/vllm-env/lib/python3.12/site-packages/vllm/tokenizers/hf.py", line 104, in from_pretrained
[0;36m(EngineCore_DP0 pid=15908)[0;0m     raise e
[0;36m(EngineCore_DP0 pid=15908)[0;0m   File "/root/vllm-env/lib/python3.12/site-packages/vllm/tokenizers/hf.py", line 79, in from_pretrained
[0;36m(EngineCore_DP0 pid=15908)[0;0m     tokenizer = AutoTokenizer.from_pretrained(
[0;36m(EngineCore_DP0 pid=15908)[0;0m                 ^^^^^^^^^^^^^^^^^^^^^^^^^^^^^^
[0;36m(EngineCore_DP0 pid=15908)[0;0m   File "/root/vllm-env/lib/python3.12/site-packages/transformers/models/auto/tokenization_auto.py", line 1089, in from_pretrained
[0;36m(EngineCore_DP0 pid=15908)[0;0m     tokenizer_config = get_tokenizer_config(pretrained_model_name_or_path, **kwargs)
[0;36m(EngineCore_DP0 pid=15908)[0;0m                        ^^^^^^^^^^^^^^^^^^^^^^^^^^^^^^^^^^^^^^^^^^^^^^^^^^^^^^^^^^^^^
[0;36m(EngineCore_DP0 pid=15908)[0;0m   File "/root/vllm-env/lib/python3.12/site-packages/transformers/models/auto/tokenization_auto.py", line 921, in get_tokenizer_config
[0;36m(EngineCore_DP0 pid=15908)[0;0m     resolved_config_file = cached_file(
[0;36m(EngineCore_DP0 pid=15908)[0;0m                            ^^^^^^^^^^^^
[0;36m(EngineCore_DP0 pid=15908)[0;0m   File "/root/vllm-env/lib/python3.12/site-packages/transformers/utils/hub.py", line 322, in cached_file
[0;36m(EngineCore_DP0 pid=15908)[0;0m     file = cached_files(path_or_repo_id=path_or_repo_id, filenames=[filename], **kwargs)
[0;36m(EngineCore_DP0 pid=15908)[0;0m            ^^^^^^^^^^^^^^^^^^^^^^^^^^^^^^^^^^^^^^^^^^^^^^^^^^^^^^^^^^^^^^^^^^^^^^^^^^^^^
[0;36m(EngineCore_DP0 pid=15908)[0;0m   File "/root/vllm-env/lib/python3.12/site-packages/transformers/utils/hub.py", line 532, in cached_files
[0;36m(EngineCore_DP0 pid=15908)[0;0m     _get_cache_file_to_return(path_or_repo_id, filename, cache_dir, revision, repo_type)
[0;36m(EngineCore_DP0 pid=15908)[0;0m   File "/root/vllm-env/lib/python3.12/site-packages/transformers/utils/hub.py", line 143, in _get_cache_file_to_return
[0;36m(EngineCore_DP0 pid=15908)[0;0m     resolved_file = try_to_load_from_cache(
[0;36m(EngineCore_DP0 pid=15908)[0;0m                     ^^^^^^^^^^^^^^^^^^^^^^^
[0;36m(EngineCore_DP0 pid=15908)[0;0m   File "/root/vllm-env/lib/python3.12/site-packages/huggingface_hub/utils/_validators.py", line 106, in _inner_fn
[0;36m(EngineCore_DP0 pid=15908)[0;0m     validate_repo_id(arg_value)
[0;36m(EngineCore_DP0 pid=15908)[0;0m   File "/root/vllm-env/lib/python3.12/site-packages/huggingface_hub/utils/_validators.py", line 154, in validate_repo_id
[0;36m(EngineCore_DP0 pid=15908)[0;0m     raise HFValidationError(
[0;36m(EngineCore_DP0 pid=15908)[0;0m huggingface_hub.errors.HFValidationError: Repo id must be in the form 'repo_name' or 'namespace/repo_name': './models/Qwen_Qwen2.5-0.5B-Instruct'. Use `repo_type` argument if needed.
[rank0]:[W124 23:05:29.479897326 ProcessGroupNCCL.cpp:1524] Warning: WARNING: destroy_process_group() was not called before program exit, which can leak resources. For more info, please see https://pytorch.org/docs/stable/distributed.html#shutdown (function operator())
[0;36m(APIServer pid=15663)[0;0m Traceback (most recent call last):
[0;36m(APIServer pid=15663)[0;0m   File "<frozen runpy>", line 198, in _run_module_as_main
[0;36m(APIServer pid=15663)[0;0m   File "<frozen runpy>", line 88, in _run_code
[0;36m(APIServer pid=15663)[0;0m   File "/root/vllm-env/lib/python3.12/site-packages/vllm/entrypoints/openai/api_server.py", line 1390, in <module>
[0;36m(APIServer pid=15663)[0;0m     uvloop.run(run_server(args))
[0;36m(APIServer pid=15663)[0;0m   File "/root/vllm-env/lib/python3.12/site-packages/uvloop/__init__.py", line 96, in run
[0;36m(APIServer pid=15663)[0;0m     return __asyncio.run(
[0;36m(APIServer pid=15663)[0;0m            ^^^^^^^^^^^^^^
[0;36m(APIServer pid=15663)[0;0m   File "/usr/lib/python3.12/asyncio/runners.py", line 194, in run
[0;36m(APIServer pid=15663)[0;0m     return runner.run(main)
[0;36m(APIServer pid=15663)[0;0m            ^^^^^^^^^^^^^^^^
[0;36m(APIServer pid=15663)[0;0m   File "/usr/lib/python3.12/asyncio/runners.py", line 118, in run
[0;36m(APIServer pid=15663)[0;0m     return self._loop.run_until_complete(task)
[0;36m(APIServer pid=15663)[0;0m            ^^^^^^^^^^^^^^^^^^^^^^^^^^^^^^^^^^^
[0;36m(APIServer pid=15663)[0;0m   File "uvloop/loop.pyx", line 1518, in uvloop.loop.Loop.run_until_complete
[0;36m(APIServer pid=15663)[0;0m   File "/root/vllm-env/lib/python3.12/site-packages/uvloop/__init__.py", line 48, in wrapper
[0;36m(APIServer pid=15663)[0;0m     return await main
[0;36m(APIServer pid=15663)[0;0m            ^^^^^^^^^^
[0;36m(APIServer pid=15663)[0;0m   File "/root/vllm-env/lib/python3.12/site-packages/vllm/entrypoints/openai/api_server.py", line 1319, in run_server
[0;36m(APIServer pid=15663)[0;0m     await run_server_worker(listen_address, sock, args, **uvicorn_kwargs)
[0;36m(APIServer pid=15663)[0;0m   File "/root/vllm-env/lib/python3.12/site-packages/vllm/entrypoints/openai/api_server.py", line 1338, in run_server_worker
[0;36m(APIServer pid=15663)[0;0m     async with build_async_engine_client(
[0;36m(APIServer pid=15663)[0;0m   File "/usr/lib/python3.12/contextlib.py", line 210, in __aenter__
[0;36m(APIServer pid=15663)[0;0m     return await anext(self.gen)
[0;36m(APIServer pid=15663)[0;0m            ^^^^^^^^^^^^^^^^^^^^^
[0;36m(APIServer pid=15663)[0;0m   File "/root/vllm-env/lib/python3.12/site-packages/vllm/entrypoints/openai/api_server.py", line 173, in build_async_engine_client
[0;36m(APIServer pid=15663)[0;0m     async with build_async_engine_client_from_engine_args(
[0;36m(APIServer pid=15663)[0;0m   File "/usr/lib/python3.12/contextlib.py", line 210, in __aenter__
[0;36m(APIServer pid=15663)[0;0m     return await anext(self.gen)
[0;36m(APIServer pid=15663)[0;0m            ^^^^^^^^^^^^^^^^^^^^^
[0;36m(APIServer pid=15663)[0;0m   File "/root/vllm-env/lib/python3.12/site-packages/vllm/entrypoints/openai/api_server.py", line 214, in build_async_engine_client_from_engine_args
[0;36m(APIServer pid=15663)[0;0m     async_llm = AsyncLLM.from_vllm_config(
[0;36m(APIServer pid=15663)[0;0m                 ^^^^^^^^^^^^^^^^^^^^^^^^^^
[0;36m(APIServer pid=15663)[0;0m   File "/root/vllm-env/lib/python3.12/site-packages/vllm/v1/engine/async_llm.py", line 205, in from_vllm_config
[0;36m(APIServer pid=15663)[0;0m     return cls(
[0;36m(APIServer pid=15663)[0;0m            ^^^^
[0;36m(APIServer pid=15663)[0;0m   File "/root/vllm-env/lib/python3.12/site-packages/vllm/v1/engine/async_llm.py", line 132, in __init__
[0;36m(APIServer pid=15663)[0;0m     self.engine_core = EngineCoreClient.make_async_mp_client(
[0;36m(APIServer pid=15663)[0;0m                        ^^^^^^^^^^^^^^^^^^^^^^^^^^^^^^^^^^^^^^
[0;36m(APIServer pid=15663)[0;0m   File "/root/vllm-env/lib/python3.12/site-packages/vllm/v1/engine/core_client.py", line 122, in make_async_mp_client
[0;36m(APIServer pid=15663)[0;0m     return AsyncMPClient(*client_args)
[0;36m(APIServer pid=15663)[0;0m            ^^^^^^^^^^^^^^^^^^^^^^^^^^^
[0;36m(APIServer pid=15663)[0;0m   File "/root/vllm-env/lib/python3.12/site-packages/vllm/v1/engine/core_client.py", line 824, in __init__
[0;36m(APIServer pid=15663)[0;0m     super().__init__(
[0;36m(APIServer pid=15663)[0;0m   File "/root/vllm-env/lib/python3.12/site-packages/vllm/v1/engine/core_client.py", line 479, in __init__
[0;36m(APIServer pid=15663)[0;0m     with launch_core_engines(vllm_config, executor_class, log_stats) as (
[0;36m(APIServer pid=15663)[0;0m   File "/usr/lib/python3.12/contextlib.py", line 144, in __exit__
[0;36m(APIServer pid=15663)[0;0m     next(self.gen)
[0;36m(APIServer pid=15663)[0;0m   File "/root/vllm-env/lib/python3.12/site-packages/vllm/v1/engine/utils.py", line 921, in launch_core_engines
[0;36m(APIServer pid=15663)[0;0m     wait_for_engine_startup(
[0;36m(APIServer pid=15663)[0;0m   File "/root/vllm-env/lib/python3.12/site-packages/vllm/v1/engine/utils.py", line 980, in wait_for_engine_startup
[0;36m(APIServer pid=15663)[0;0m     raise RuntimeError(
[0;36m(APIServer pid=15663)[0;0m RuntimeError: Engine core initialization failed. See root cause above. Failed core proc(s): {}
