[0;36m(APIServer pid=15661)[0;0m INFO 01-24 23:05:02 [api_server.py:1272] vLLM API server version 0.14.0
[0;36m(APIServer pid=15661)[0;0m INFO 01-24 23:05:02 [utils.py:263] non-default args: {'host': '0.0.0.0', 'port': 8001, 'model': './models/OpenBMB_MiniCPM-V-2_6-int4', 'trust_remote_code': True, 'dtype': 'bfloat16', 'gpu_memory_utilization': 0.5}
[0;36m(APIServer pid=15661)[0;0m The argument `trust_remote_code` is to be used with Auto classes. It has no effect here and is ignored.
[0;36m(APIServer pid=15661)[0;0m The argument `trust_remote_code` is to be used with Auto classes. It has no effect here and is ignored.
[0;36m(APIServer pid=15661)[0;0m [2026-01-24 23:05:02] INFO configuration_minicpm.py:92: vision_config is None, using default vision config
[0;36m(APIServer pid=15661)[0;0m INFO 01-24 23:05:02 [model.py:530] Resolved architecture: MiniCPMV
[0;36m(APIServer pid=15661)[0;0m INFO 01-24 23:05:02 [model.py:1545] Using max model len 32768
[0;36m(APIServer pid=15661)[0;0m INFO 01-24 23:05:03 [scheduler.py:229] Chunked prefill is enabled with max_num_batched_tokens=2048.
[0;36m(APIServer pid=15661)[0;0m INFO 01-24 23:05:03 [vllm.py:630] Asynchronous scheduling is enabled.
[0;36m(APIServer pid=15661)[0;0m INFO 01-24 23:05:03 [vllm.py:637] Disabling NCCL for DP synchronization when using async scheduling.
[0;36m(APIServer pid=15661)[0;0m WARNING 01-24 23:05:04 [interface.py:470] Using 'pin_memory=False' as WSL is detected. This may slow down the performance.
[0;36m(EngineCore_DP0 pid=15972)[0;0m INFO 01-24 23:05:10 [core.py:97] Initializing a V1 LLM engine (v0.14.0) with config: model='./models/OpenBMB_MiniCPM-V-2_6-int4', speculative_config=None, tokenizer='./models/OpenBMB_MiniCPM-V-2_6-int4', skip_tokenizer_init=False, tokenizer_mode=auto, revision=None, tokenizer_revision=None, trust_remote_code=True, dtype=torch.bfloat16, max_seq_len=32768, download_dir=None, load_format=bitsandbytes, tensor_parallel_size=1, pipeline_parallel_size=1, data_parallel_size=1, disable_custom_all_reduce=False, quantization=bitsandbytes, enforce_eager=False, enable_return_routed_experts=False, kv_cache_dtype=auto, device_config=cuda, structured_outputs_config=StructuredOutputsConfig(backend='auto', disable_fallback=False, disable_any_whitespace=False, disable_additional_properties=False, reasoning_parser='', reasoning_parser_plugin='', enable_in_reasoning=False), observability_config=ObservabilityConfig(show_hidden_metrics_for_version=None, otlp_traces_endpoint=None, collect_detailed_traces=None, kv_cache_metrics=False, kv_cache_metrics_sample=0.01, cudagraph_metrics=False, enable_layerwise_nvtx_tracing=False, enable_mfu_metrics=False, enable_mm_processor_stats=False, enable_logging_iteration_details=False), seed=0, served_model_name=./models/OpenBMB_MiniCPM-V-2_6-int4, enable_prefix_caching=True, enable_chunked_prefill=True, pooler_config=None, compilation_config={'level': None, 'mode': <CompilationMode.VLLM_COMPILE: 3>, 'debug_dump_path': None, 'cache_dir': '', 'compile_cache_save_format': 'binary', 'backend': 'inductor', 'custom_ops': ['none'], 'splitting_ops': ['vllm::unified_attention', 'vllm::unified_attention_with_output', 'vllm::unified_mla_attention', 'vllm::unified_mla_attention_with_output', 'vllm::mamba_mixer2', 'vllm::mamba_mixer', 'vllm::short_conv', 'vllm::linear_attention', 'vllm::plamo2_mamba_mixer', 'vllm::gdn_attention_core', 'vllm::kda_attention', 'vllm::sparse_attn_indexer'], 'compile_mm_encoder': False, 'compile_sizes': [], 'compile_ranges_split_points': [2048], 'inductor_compile_config': {'enable_auto_functionalized_v2': False, 'combo_kernels': True, 'benchmark_combo_kernel': True}, 'inductor_passes': {}, 'cudagraph_mode': <CUDAGraphMode.FULL_AND_PIECEWISE: (2, 1)>, 'cudagraph_num_of_warmups': 1, 'cudagraph_capture_sizes': [1, 2, 4, 8, 16, 24, 32, 40, 48, 56, 64, 72, 80, 88, 96, 104, 112, 120, 128, 136, 144, 152, 160, 168, 176, 184, 192, 200, 208, 216, 224, 232, 240, 248, 256, 272, 288, 304, 320, 336, 352, 368, 384, 400, 416, 432, 448, 464, 480, 496, 512], 'cudagraph_copy_inputs': False, 'cudagraph_specialize_lora': True, 'use_inductor_graph_partition': False, 'pass_config': {'fuse_norm_quant': False, 'fuse_act_quant': False, 'fuse_attn_quant': False, 'eliminate_noops': True, 'enable_sp': False, 'fuse_gemm_comms': False, 'fuse_allreduce_rms': False}, 'max_cudagraph_capture_size': 512, 'dynamic_shapes_config': {'type': <DynamicShapesType.BACKED: 'backed'>, 'evaluate_guards': False, 'assume_32_bit_indexing': True}, 'local_cache_dir': None}
[0;36m(EngineCore_DP0 pid=15972)[0;0m WARNING 01-24 23:05:10 [interface.py:470] Using 'pin_memory=False' as WSL is detected. This may slow down the performance.
[0;36m(EngineCore_DP0 pid=15972)[0;0m INFO 01-24 23:05:11 [parallel_state.py:1214] world_size=1 rank=0 local_rank=0 distributed_init_method=tcp://172.19.38.159:38091 backend=nccl
[0;36m(EngineCore_DP0 pid=15972)[0;0m INFO 01-24 23:05:11 [parallel_state.py:1425] rank 0 in world size 1 is assigned as DP rank 0, PP rank 0, PCP rank 0, TP rank 0, EP rank N/A
[0;36m(EngineCore_DP0 pid=15972)[0;0m /root/vllm-env/lib/python3.12/site-packages/transformers/models/auto/image_processing_auto.py:647: FutureWarning: The image_processor_class argument is deprecated and will be removed in v4.42. Please use `slow_image_processor_class`, or `fast_image_processor_class` instead
[0;36m(EngineCore_DP0 pid=15972)[0;0m   warnings.warn(
[0;36m(EngineCore_DP0 pid=15972)[0;0m Using a slow image processor as `use_fast` is unset and a slow processor was saved with this model. `use_fast=True` will be the default behavior in v4.52, even if the model was saved with a slow processor. This will result in minor differences in outputs. You'll still be able to use a slow processor with `use_fast=False`.
[0;36m(EngineCore_DP0 pid=15972)[0;0m WARNING 01-24 23:05:13 [func_utils.py:230] The following intended overrides are not keyword args and will be dropped: {'truncation'}
[0;36m(EngineCore_DP0 pid=15972)[0;0m WARNING 01-24 23:05:15 [func_utils.py:230] The following intended overrides are not keyword args and will be dropped: {'truncation'}
[0;36m(EngineCore_DP0 pid=15972)[0;0m INFO 01-24 23:05:15 [gpu_model_runner.py:3808] Starting to load model ./models/OpenBMB_MiniCPM-V-2_6-int4...
[0;36m(EngineCore_DP0 pid=15972)[0;0m ERROR 01-24 23:05:16 [core.py:936] EngineCore failed to start.
[0;36m(EngineCore_DP0 pid=15972)[0;0m ERROR 01-24 23:05:16 [core.py:936] Traceback (most recent call last):
[0;36m(EngineCore_DP0 pid=15972)[0;0m ERROR 01-24 23:05:16 [core.py:936]   File "/root/vllm-env/lib/python3.12/site-packages/vllm/model_executor/layers/quantization/bitsandbytes.py", line 188, in __init__
[0;36m(EngineCore_DP0 pid=15972)[0;0m ERROR 01-24 23:05:16 [core.py:936]     import bitsandbytes
[0;36m(EngineCore_DP0 pid=15972)[0;0m ERROR 01-24 23:05:16 [core.py:936] ModuleNotFoundError: No module named 'bitsandbytes'
[0;36m(EngineCore_DP0 pid=15972)[0;0m ERROR 01-24 23:05:16 [core.py:936] 
[0;36m(EngineCore_DP0 pid=15972)[0;0m ERROR 01-24 23:05:16 [core.py:936] The above exception was the direct cause of the following exception:
[0;36m(EngineCore_DP0 pid=15972)[0;0m ERROR 01-24 23:05:16 [core.py:936] 
[0;36m(EngineCore_DP0 pid=15972)[0;0m ERROR 01-24 23:05:16 [core.py:936] Traceback (most recent call last):
[0;36m(EngineCore_DP0 pid=15972)[0;0m ERROR 01-24 23:05:16 [core.py:936]   File "/root/vllm-env/lib/python3.12/site-packages/vllm/v1/engine/core.py", line 927, in run_engine_core
[0;36m(EngineCore_DP0 pid=15972)[0;0m ERROR 01-24 23:05:16 [core.py:936]     engine_core = EngineCoreProc(*args, engine_index=dp_rank, **kwargs)
[0;36m(EngineCore_DP0 pid=15972)[0;0m ERROR 01-24 23:05:16 [core.py:936]                   ^^^^^^^^^^^^^^^^^^^^^^^^^^^^^^^^^^^^^^^^^^^^^^^^^^^^^
[0;36m(EngineCore_DP0 pid=15972)[0;0m ERROR 01-24 23:05:16 [core.py:936]   File "/root/vllm-env/lib/python3.12/site-packages/vllm/v1/engine/core.py", line 692, in __init__
[0;36m(EngineCore_DP0 pid=15972)[0;0m ERROR 01-24 23:05:16 [core.py:936]     super().__init__(
[0;36m(EngineCore_DP0 pid=15972)[0;0m ERROR 01-24 23:05:16 [core.py:936]   File "/root/vllm-env/lib/python3.12/site-packages/vllm/v1/engine/core.py", line 106, in __init__
[0;36m(EngineCore_DP0 pid=15972)[0;0m ERROR 01-24 23:05:16 [core.py:936]     self.model_executor = executor_class(vllm_config)
[0;36m(EngineCore_DP0 pid=15972)[0;0m ERROR 01-24 23:05:16 [core.py:936]                           ^^^^^^^^^^^^^^^^^^^^^^^^^^^
[0;36m(EngineCore_DP0 pid=15972)[0;0m ERROR 01-24 23:05:16 [core.py:936]   File "/root/vllm-env/lib/python3.12/site-packages/vllm/v1/executor/abstract.py", line 101, in __init__
[0;36m(EngineCore_DP0 pid=15972)[0;0m ERROR 01-24 23:05:16 [core.py:936]     self._init_executor()
[0;36m(EngineCore_DP0 pid=15972)[0;0m ERROR 01-24 23:05:16 [core.py:936]   File "/root/vllm-env/lib/python3.12/site-packages/vllm/v1/executor/uniproc_executor.py", line 48, in _init_executor
[0;36m(EngineCore_DP0 pid=15972)[0;0m ERROR 01-24 23:05:16 [core.py:936]     self.driver_worker.load_model()
[0;36m(EngineCore_DP0 pid=15972)[0;0m ERROR 01-24 23:05:16 [core.py:936]   File "/root/vllm-env/lib/python3.12/site-packages/vllm/v1/worker/gpu_worker.py", line 274, in load_model
[0;36m(EngineCore_DP0 pid=15972)[0;0m ERROR 01-24 23:05:16 [core.py:936]     self.model_runner.load_model(eep_scale_up=eep_scale_up)
[0;36m(EngineCore_DP0 pid=15972)[0;0m ERROR 01-24 23:05:16 [core.py:936]   File "/root/vllm-env/lib/python3.12/site-packages/vllm/v1/worker/gpu_model_runner.py", line 3827, in load_model
[0;36m(EngineCore_DP0 pid=15972)[0;0m ERROR 01-24 23:05:16 [core.py:936]     self.model = model_loader.load_model(
[0;36m(EngineCore_DP0 pid=15972)[0;0m ERROR 01-24 23:05:16 [core.py:936]                  ^^^^^^^^^^^^^^^^^^^^^^^^
[0;36m(EngineCore_DP0 pid=15972)[0;0m ERROR 01-24 23:05:16 [core.py:936]   File "/root/vllm-env/lib/python3.12/site-packages/vllm/model_executor/model_loader/base_loader.py", line 50, in load_model
[0;36m(EngineCore_DP0 pid=15972)[0;0m ERROR 01-24 23:05:16 [core.py:936]     model = initialize_model(
[0;36m(EngineCore_DP0 pid=15972)[0;0m ERROR 01-24 23:05:16 [core.py:936]             ^^^^^^^^^^^^^^^^^
[0;36m(EngineCore_DP0 pid=15972)[0;0m ERROR 01-24 23:05:16 [core.py:936]   File "/root/vllm-env/lib/python3.12/site-packages/vllm/model_executor/model_loader/utils.py", line 48, in initialize_model
[0;36m(EngineCore_DP0 pid=15972)[0;0m ERROR 01-24 23:05:16 [core.py:936]     return model_class(vllm_config=vllm_config, prefix=prefix)
[0;36m(EngineCore_DP0 pid=15972)[0;0m ERROR 01-24 23:05:16 [core.py:936]            ^^^^^^^^^^^^^^^^^^^^^^^^^^^^^^^^^^^^^^^^^^^^^^^^^^^
[0;36m(EngineCore_DP0 pid=15972)[0;0m ERROR 01-24 23:05:16 [core.py:936]   File "/root/vllm-env/lib/python3.12/site-packages/vllm/model_executor/models/minicpmv.py", line 1742, in __new__
[0;36m(EngineCore_DP0 pid=15972)[0;0m ERROR 01-24 23:05:16 [core.py:936]     return instance_cls(vllm_config=vllm_config, prefix=prefix)
[0;36m(EngineCore_DP0 pid=15972)[0;0m ERROR 01-24 23:05:16 [core.py:936]            ^^^^^^^^^^^^^^^^^^^^^^^^^^^^^^^^^^^^^^^^^^^^^^^^^^^^
[0;36m(EngineCore_DP0 pid=15972)[0;0m ERROR 01-24 23:05:16 [core.py:936]   File "/root/vllm-env/lib/python3.12/site-packages/vllm/model_executor/models/minicpmv.py", line 1412, in __init__
[0;36m(EngineCore_DP0 pid=15972)[0;0m ERROR 01-24 23:05:16 [core.py:936]     super().__init__(vllm_config=vllm_config, prefix=prefix)
[0;36m(EngineCore_DP0 pid=15972)[0;0m ERROR 01-24 23:05:16 [core.py:936]   File "/root/vllm-env/lib/python3.12/site-packages/vllm/model_executor/models/minicpmv.py", line 1031, in __init__
[0;36m(EngineCore_DP0 pid=15972)[0;0m ERROR 01-24 23:05:16 [core.py:936]     self.llm = self.init_llm(
[0;36m(EngineCore_DP0 pid=15972)[0;0m ERROR 01-24 23:05:16 [core.py:936]                ^^^^^^^^^^^^^^
[0;36m(EngineCore_DP0 pid=15972)[0;0m ERROR 01-24 23:05:16 [core.py:936]   File "/root/vllm-env/lib/python3.12/site-packages/vllm/model_executor/models/minicpmv.py", line 1420, in init_llm
[0;36m(EngineCore_DP0 pid=15972)[0;0m ERROR 01-24 23:05:16 [core.py:936]     return Qwen2ForCausalLM(vllm_config=vllm_config, prefix=prefix)
[0;36m(EngineCore_DP0 pid=15972)[0;0m ERROR 01-24 23:05:16 [core.py:936]            ^^^^^^^^^^^^^^^^^^^^^^^^^^^^^^^^^^^^^^^^^^^^^^^^^^^^^^^^
[0;36m(EngineCore_DP0 pid=15972)[0;0m ERROR 01-24 23:05:16 [core.py:936]   File "/root/vllm-env/lib/python3.12/site-packages/vllm/model_executor/models/qwen2.py", line 543, in __init__
[0;36m(EngineCore_DP0 pid=15972)[0;0m ERROR 01-24 23:05:16 [core.py:936]     self.model = Qwen2Model(
[0;36m(EngineCore_DP0 pid=15972)[0;0m ERROR 01-24 23:05:16 [core.py:936]                  ^^^^^^^^^^^
[0;36m(EngineCore_DP0 pid=15972)[0;0m ERROR 01-24 23:05:16 [core.py:936]   File "/root/vllm-env/lib/python3.12/site-packages/vllm/compilation/decorators.py", line 305, in __init__
[0;36m(EngineCore_DP0 pid=15972)[0;0m ERROR 01-24 23:05:16 [core.py:936]     old_init(self, **kwargs)
[0;36m(EngineCore_DP0 pid=15972)[0;0m ERROR 01-24 23:05:16 [core.py:936]   File "/root/vllm-env/lib/python3.12/site-packages/vllm/model_executor/models/qwen2.py", line 394, in __init__
[0;36m(EngineCore_DP0 pid=15972)[0;0m ERROR 01-24 23:05:16 [core.py:936]     self.start_layer, self.end_layer, self.layers = make_layers(
[0;36m(EngineCore_DP0 pid=15972)[0;0m ERROR 01-24 23:05:16 [core.py:936]                                                     ^^^^^^^^^^^^
[0;36m(EngineCore_DP0 pid=15972)[0;0m ERROR 01-24 23:05:16 [core.py:936]   File "/root/vllm-env/lib/python3.12/site-packages/vllm/model_executor/models/utils.py", line 606, in make_layers
[0;36m(EngineCore_DP0 pid=15972)[0;0m ERROR 01-24 23:05:16 [core.py:936]     maybe_offload_to_cpu(layer_fn(prefix=f"{prefix}.{idx}"))
[0;36m(EngineCore_DP0 pid=15972)[0;0m ERROR 01-24 23:05:16 [core.py:936]                          ^^^^^^^^^^^^^^^^^^^^^^^^^^^^^^^^^^
[0;36m(EngineCore_DP0 pid=15972)[0;0m ERROR 01-24 23:05:16 [core.py:936]   File "/root/vllm-env/lib/python3.12/site-packages/vllm/model_executor/models/qwen2.py", line 396, in <lambda>
[0;36m(EngineCore_DP0 pid=15972)[0;0m ERROR 01-24 23:05:16 [core.py:936]     lambda prefix: decoder_layer_type(
[0;36m(EngineCore_DP0 pid=15972)[0;0m ERROR 01-24 23:05:16 [core.py:936]                    ^^^^^^^^^^^^^^^^^^^
[0;36m(EngineCore_DP0 pid=15972)[0;0m ERROR 01-24 23:05:16 [core.py:936]   File "/root/vllm-env/lib/python3.12/site-packages/vllm/model_executor/models/qwen2.py", line 260, in __init__
[0;36m(EngineCore_DP0 pid=15972)[0;0m ERROR 01-24 23:05:16 [core.py:936]     self.self_attn = Qwen2Attention(
[0;36m(EngineCore_DP0 pid=15972)[0;0m ERROR 01-24 23:05:16 [core.py:936]                      ^^^^^^^^^^^^^^^
[0;36m(EngineCore_DP0 pid=15972)[0;0m ERROR 01-24 23:05:16 [core.py:936]   File "/root/vllm-env/lib/python3.12/site-packages/vllm/model_executor/models/qwen2.py", line 153, in __init__
[0;36m(EngineCore_DP0 pid=15972)[0;0m ERROR 01-24 23:05:16 [core.py:936]     self.qkv_proj = QKVParallelLinear(
[0;36m(EngineCore_DP0 pid=15972)[0;0m ERROR 01-24 23:05:16 [core.py:936]                     ^^^^^^^^^^^^^^^^^^
[0;36m(EngineCore_DP0 pid=15972)[0;0m ERROR 01-24 23:05:16 [core.py:936]   File "/root/vllm-env/lib/python3.12/site-packages/vllm/model_executor/layers/linear.py", line 982, in __init__
[0;36m(EngineCore_DP0 pid=15972)[0;0m ERROR 01-24 23:05:16 [core.py:936]     super().__init__(
[0;36m(EngineCore_DP0 pid=15972)[0;0m ERROR 01-24 23:05:16 [core.py:936]   File "/root/vllm-env/lib/python3.12/site-packages/vllm/model_executor/layers/linear.py", line 481, in __init__
[0;36m(EngineCore_DP0 pid=15972)[0;0m ERROR 01-24 23:05:16 [core.py:936]     super().__init__(
[0;36m(EngineCore_DP0 pid=15972)[0;0m ERROR 01-24 23:05:16 [core.py:936]   File "/root/vllm-env/lib/python3.12/site-packages/vllm/model_executor/layers/linear.py", line 294, in __init__
[0;36m(EngineCore_DP0 pid=15972)[0;0m ERROR 01-24 23:05:16 [core.py:936]     self.quant_method = quant_config.get_quant_method(self, prefix=prefix)
[0;36m(EngineCore_DP0 pid=15972)[0;0m ERROR 01-24 23:05:16 [core.py:936]                         ^^^^^^^^^^^^^^^^^^^^^^^^^^^^^^^^^^^^^^^^^^^^^^^^^^
[0;36m(EngineCore_DP0 pid=15972)[0;0m ERROR 01-24 23:05:16 [core.py:936]   File "/root/vllm-env/lib/python3.12/site-packages/vllm/model_executor/layers/quantization/bitsandbytes.py", line 149, in get_quant_method
[0;36m(EngineCore_DP0 pid=15972)[0;0m ERROR 01-24 23:05:16 [core.py:936]     return BitsAndBytesLinearMethod(self)
[0;36m(EngineCore_DP0 pid=15972)[0;0m ERROR 01-24 23:05:16 [core.py:936]            ^^^^^^^^^^^^^^^^^^^^^^^^^^^^^^
[0;36m(EngineCore_DP0 pid=15972)[0;0m ERROR 01-24 23:05:16 [core.py:936]   File "/root/vllm-env/lib/python3.12/site-packages/vllm/model_executor/layers/quantization/bitsandbytes.py", line 196, in __init__
[0;36m(EngineCore_DP0 pid=15972)[0;0m ERROR 01-24 23:05:16 [core.py:936]     raise ImportError(
[0;36m(EngineCore_DP0 pid=15972)[0;0m ERROR 01-24 23:05:16 [core.py:936] ImportError: Please install bitsandbytes>=0.46.1 via `pip install bitsandbytes>=0.46.1` to use bitsandbytes quantizer.
[0;36m(EngineCore_DP0 pid=15972)[0;0m Process EngineCore_DP0:
[0;36m(EngineCore_DP0 pid=15972)[0;0m Traceback (most recent call last):
[0;36m(EngineCore_DP0 pid=15972)[0;0m   File "/root/vllm-env/lib/python3.12/site-packages/vllm/model_executor/layers/quantization/bitsandbytes.py", line 188, in __init__
[0;36m(EngineCore_DP0 pid=15972)[0;0m     import bitsandbytes
[0;36m(EngineCore_DP0 pid=15972)[0;0m ModuleNotFoundError: No module named 'bitsandbytes'
[0;36m(EngineCore_DP0 pid=15972)[0;0m 
[0;36m(EngineCore_DP0 pid=15972)[0;0m The above exception was the direct cause of the following exception:
[0;36m(EngineCore_DP0 pid=15972)[0;0m 
[0;36m(EngineCore_DP0 pid=15972)[0;0m Traceback (most recent call last):
[0;36m(EngineCore_DP0 pid=15972)[0;0m   File "/usr/lib/python3.12/multiprocessing/process.py", line 314, in _bootstrap
[0;36m(EngineCore_DP0 pid=15972)[0;0m     self.run()
[0;36m(EngineCore_DP0 pid=15972)[0;0m   File "/usr/lib/python3.12/multiprocessing/process.py", line 108, in run
[0;36m(EngineCore_DP0 pid=15972)[0;0m     self._target(*self._args, **self._kwargs)
[0;36m(EngineCore_DP0 pid=15972)[0;0m   File "/root/vllm-env/lib/python3.12/site-packages/vllm/v1/engine/core.py", line 940, in run_engine_core
[0;36m(EngineCore_DP0 pid=15972)[0;0m     raise e
[0;36m(EngineCore_DP0 pid=15972)[0;0m   File "/root/vllm-env/lib/python3.12/site-packages/vllm/v1/engine/core.py", line 927, in run_engine_core
[0;36m(EngineCore_DP0 pid=15972)[0;0m     engine_core = EngineCoreProc(*args, engine_index=dp_rank, **kwargs)
[0;36m(EngineCore_DP0 pid=15972)[0;0m                   ^^^^^^^^^^^^^^^^^^^^^^^^^^^^^^^^^^^^^^^^^^^^^^^^^^^^^
[0;36m(EngineCore_DP0 pid=15972)[0;0m   File "/root/vllm-env/lib/python3.12/site-packages/vllm/v1/engine/core.py", line 692, in __init__
[0;36m(EngineCore_DP0 pid=15972)[0;0m     super().__init__(
[0;36m(EngineCore_DP0 pid=15972)[0;0m   File "/root/vllm-env/lib/python3.12/site-packages/vllm/v1/engine/core.py", line 106, in __init__
[0;36m(EngineCore_DP0 pid=15972)[0;0m     self.model_executor = executor_class(vllm_config)
[0;36m(EngineCore_DP0 pid=15972)[0;0m                           ^^^^^^^^^^^^^^^^^^^^^^^^^^^
[0;36m(EngineCore_DP0 pid=15972)[0;0m   File "/root/vllm-env/lib/python3.12/site-packages/vllm/v1/executor/abstract.py", line 101, in __init__
[0;36m(EngineCore_DP0 pid=15972)[0;0m     self._init_executor()
[0;36m(EngineCore_DP0 pid=15972)[0;0m   File "/root/vllm-env/lib/python3.12/site-packages/vllm/v1/executor/uniproc_executor.py", line 48, in _init_executor
[0;36m(EngineCore_DP0 pid=15972)[0;0m     self.driver_worker.load_model()
[0;36m(EngineCore_DP0 pid=15972)[0;0m   File "/root/vllm-env/lib/python3.12/site-packages/vllm/v1/worker/gpu_worker.py", line 274, in load_model
[0;36m(EngineCore_DP0 pid=15972)[0;0m     self.model_runner.load_model(eep_scale_up=eep_scale_up)
[0;36m(EngineCore_DP0 pid=15972)[0;0m   File "/root/vllm-env/lib/python3.12/site-packages/vllm/v1/worker/gpu_model_runner.py", line 3827, in load_model
[0;36m(EngineCore_DP0 pid=15972)[0;0m     self.model = model_loader.load_model(
[0;36m(EngineCore_DP0 pid=15972)[0;0m                  ^^^^^^^^^^^^^^^^^^^^^^^^
[0;36m(EngineCore_DP0 pid=15972)[0;0m   File "/root/vllm-env/lib/python3.12/site-packages/vllm/model_executor/model_loader/base_loader.py", line 50, in load_model
[0;36m(EngineCore_DP0 pid=15972)[0;0m     model = initialize_model(
[0;36m(EngineCore_DP0 pid=15972)[0;0m             ^^^^^^^^^^^^^^^^^
[0;36m(EngineCore_DP0 pid=15972)[0;0m   File "/root/vllm-env/lib/python3.12/site-packages/vllm/model_executor/model_loader/utils.py", line 48, in initialize_model
[0;36m(EngineCore_DP0 pid=15972)[0;0m     return model_class(vllm_config=vllm_config, prefix=prefix)
[0;36m(EngineCore_DP0 pid=15972)[0;0m            ^^^^^^^^^^^^^^^^^^^^^^^^^^^^^^^^^^^^^^^^^^^^^^^^^^^
[0;36m(EngineCore_DP0 pid=15972)[0;0m   File "/root/vllm-env/lib/python3.12/site-packages/vllm/model_executor/models/minicpmv.py", line 1742, in __new__
[0;36m(EngineCore_DP0 pid=15972)[0;0m     return instance_cls(vllm_config=vllm_config, prefix=prefix)
[0;36m(EngineCore_DP0 pid=15972)[0;0m            ^^^^^^^^^^^^^^^^^^^^^^^^^^^^^^^^^^^^^^^^^^^^^^^^^^^^
[0;36m(EngineCore_DP0 pid=15972)[0;0m   File "/root/vllm-env/lib/python3.12/site-packages/vllm/model_executor/models/minicpmv.py", line 1412, in __init__
[0;36m(EngineCore_DP0 pid=15972)[0;0m     super().__init__(vllm_config=vllm_config, prefix=prefix)
[0;36m(EngineCore_DP0 pid=15972)[0;0m   File "/root/vllm-env/lib/python3.12/site-packages/vllm/model_executor/models/minicpmv.py", line 1031, in __init__
[0;36m(EngineCore_DP0 pid=15972)[0;0m     self.llm = self.init_llm(
[0;36m(EngineCore_DP0 pid=15972)[0;0m                ^^^^^^^^^^^^^^
[0;36m(EngineCore_DP0 pid=15972)[0;0m   File "/root/vllm-env/lib/python3.12/site-packages/vllm/model_executor/models/minicpmv.py", line 1420, in init_llm
[0;36m(EngineCore_DP0 pid=15972)[0;0m     return Qwen2ForCausalLM(vllm_config=vllm_config, prefix=prefix)
[0;36m(EngineCore_DP0 pid=15972)[0;0m            ^^^^^^^^^^^^^^^^^^^^^^^^^^^^^^^^^^^^^^^^^^^^^^^^^^^^^^^^
[0;36m(EngineCore_DP0 pid=15972)[0;0m   File "/root/vllm-env/lib/python3.12/site-packages/vllm/model_executor/models/qwen2.py", line 543, in __init__
[0;36m(EngineCore_DP0 pid=15972)[0;0m     self.model = Qwen2Model(
[0;36m(EngineCore_DP0 pid=15972)[0;0m                  ^^^^^^^^^^^
[0;36m(EngineCore_DP0 pid=15972)[0;0m   File "/root/vllm-env/lib/python3.12/site-packages/vllm/compilation/decorators.py", line 305, in __init__
[0;36m(EngineCore_DP0 pid=15972)[0;0m     old_init(self, **kwargs)
[0;36m(EngineCore_DP0 pid=15972)[0;0m   File "/root/vllm-env/lib/python3.12/site-packages/vllm/model_executor/models/qwen2.py", line 394, in __init__
[0;36m(EngineCore_DP0 pid=15972)[0;0m     self.start_layer, self.end_layer, self.layers = make_layers(
[0;36m(EngineCore_DP0 pid=15972)[0;0m                                                     ^^^^^^^^^^^^
[0;36m(EngineCore_DP0 pid=15972)[0;0m   File "/root/vllm-env/lib/python3.12/site-packages/vllm/model_executor/models/utils.py", line 606, in make_layers
[0;36m(EngineCore_DP0 pid=15972)[0;0m     maybe_offload_to_cpu(layer_fn(prefix=f"{prefix}.{idx}"))
[0;36m(EngineCore_DP0 pid=15972)[0;0m                          ^^^^^^^^^^^^^^^^^^^^^^^^^^^^^^^^^^
[0;36m(EngineCore_DP0 pid=15972)[0;0m   File "/root/vllm-env/lib/python3.12/site-packages/vllm/model_executor/models/qwen2.py", line 396, in <lambda>
[0;36m(EngineCore_DP0 pid=15972)[0;0m     lambda prefix: decoder_layer_type(
[0;36m(EngineCore_DP0 pid=15972)[0;0m                    ^^^^^^^^^^^^^^^^^^^
[0;36m(EngineCore_DP0 pid=15972)[0;0m   File "/root/vllm-env/lib/python3.12/site-packages/vllm/model_executor/models/qwen2.py", line 260, in __init__
[0;36m(EngineCore_DP0 pid=15972)[0;0m     self.self_attn = Qwen2Attention(
[0;36m(EngineCore_DP0 pid=15972)[0;0m                      ^^^^^^^^^^^^^^^
[0;36m(EngineCore_DP0 pid=15972)[0;0m   File "/root/vllm-env/lib/python3.12/site-packages/vllm/model_executor/models/qwen2.py", line 153, in __init__
[0;36m(EngineCore_DP0 pid=15972)[0;0m     self.qkv_proj = QKVParallelLinear(
[0;36m(EngineCore_DP0 pid=15972)[0;0m                     ^^^^^^^^^^^^^^^^^^
[0;36m(EngineCore_DP0 pid=15972)[0;0m   File "/root/vllm-env/lib/python3.12/site-packages/vllm/model_executor/layers/linear.py", line 982, in __init__
[0;36m(EngineCore_DP0 pid=15972)[0;0m     super().__init__(
[0;36m(EngineCore_DP0 pid=15972)[0;0m   File "/root/vllm-env/lib/python3.12/site-packages/vllm/model_executor/layers/linear.py", line 481, in __init__
[0;36m(EngineCore_DP0 pid=15972)[0;0m     super().__init__(
[0;36m(EngineCore_DP0 pid=15972)[0;0m   File "/root/vllm-env/lib/python3.12/site-packages/vllm/model_executor/layers/linear.py", line 294, in __init__
[0;36m(EngineCore_DP0 pid=15972)[0;0m     self.quant_method = quant_config.get_quant_method(self, prefix=prefix)
[0;36m(EngineCore_DP0 pid=15972)[0;0m                         ^^^^^^^^^^^^^^^^^^^^^^^^^^^^^^^^^^^^^^^^^^^^^^^^^^
[0;36m(EngineCore_DP0 pid=15972)[0;0m   File "/root/vllm-env/lib/python3.12/site-packages/vllm/model_executor/layers/quantization/bitsandbytes.py", line 149, in get_quant_method
[0;36m(EngineCore_DP0 pid=15972)[0;0m     return BitsAndBytesLinearMethod(self)
[0;36m(EngineCore_DP0 pid=15972)[0;0m            ^^^^^^^^^^^^^^^^^^^^^^^^^^^^^^
[0;36m(EngineCore_DP0 pid=15972)[0;0m   File "/root/vllm-env/lib/python3.12/site-packages/vllm/model_executor/layers/quantization/bitsandbytes.py", line 196, in __init__
[0;36m(EngineCore_DP0 pid=15972)[0;0m     raise ImportError(
[0;36m(EngineCore_DP0 pid=15972)[0;0m ImportError: Please install bitsandbytes>=0.46.1 via `pip install bitsandbytes>=0.46.1` to use bitsandbytes quantizer.
[rank0]:[W124 23:05:16.905904871 ProcessGroupNCCL.cpp:1524] Warning: WARNING: destroy_process_group() was not called before program exit, which can leak resources. For more info, please see https://pytorch.org/docs/stable/distributed.html#shutdown (function operator())
[0;36m(APIServer pid=15661)[0;0m Traceback (most recent call last):
[0;36m(APIServer pid=15661)[0;0m   File "<frozen runpy>", line 198, in _run_module_as_main
[0;36m(APIServer pid=15661)[0;0m   File "<frozen runpy>", line 88, in _run_code
[0;36m(APIServer pid=15661)[0;0m   File "/root/vllm-env/lib/python3.12/site-packages/vllm/entrypoints/openai/api_server.py", line 1390, in <module>
[0;36m(APIServer pid=15661)[0;0m     uvloop.run(run_server(args))
[0;36m(APIServer pid=15661)[0;0m   File "/root/vllm-env/lib/python3.12/site-packages/uvloop/__init__.py", line 96, in run
[0;36m(APIServer pid=15661)[0;0m     return __asyncio.run(
[0;36m(APIServer pid=15661)[0;0m            ^^^^^^^^^^^^^^
[0;36m(APIServer pid=15661)[0;0m   File "/usr/lib/python3.12/asyncio/runners.py", line 194, in run
[0;36m(APIServer pid=15661)[0;0m     return runner.run(main)
[0;36m(APIServer pid=15661)[0;0m            ^^^^^^^^^^^^^^^^
[0;36m(APIServer pid=15661)[0;0m   File "/usr/lib/python3.12/asyncio/runners.py", line 118, in run
[0;36m(APIServer pid=15661)[0;0m     return self._loop.run_until_complete(task)
[0;36m(APIServer pid=15661)[0;0m            ^^^^^^^^^^^^^^^^^^^^^^^^^^^^^^^^^^^
[0;36m(APIServer pid=15661)[0;0m   File "uvloop/loop.pyx", line 1518, in uvloop.loop.Loop.run_until_complete
[0;36m(APIServer pid=15661)[0;0m   File "/root/vllm-env/lib/python3.12/site-packages/uvloop/__init__.py", line 48, in wrapper
[0;36m(APIServer pid=15661)[0;0m     return await main
[0;36m(APIServer pid=15661)[0;0m            ^^^^^^^^^^
[0;36m(APIServer pid=15661)[0;0m   File "/root/vllm-env/lib/python3.12/site-packages/vllm/entrypoints/openai/api_server.py", line 1319, in run_server
[0;36m(APIServer pid=15661)[0;0m     await run_server_worker(listen_address, sock, args, **uvicorn_kwargs)
[0;36m(APIServer pid=15661)[0;0m   File "/root/vllm-env/lib/python3.12/site-packages/vllm/entrypoints/openai/api_server.py", line 1338, in run_server_worker
[0;36m(APIServer pid=15661)[0;0m     async with build_async_engine_client(
[0;36m(APIServer pid=15661)[0;0m   File "/usr/lib/python3.12/contextlib.py", line 210, in __aenter__
[0;36m(APIServer pid=15661)[0;0m     return await anext(self.gen)
[0;36m(APIServer pid=15661)[0;0m            ^^^^^^^^^^^^^^^^^^^^^
[0;36m(APIServer pid=15661)[0;0m   File "/root/vllm-env/lib/python3.12/site-packages/vllm/entrypoints/openai/api_server.py", line 173, in build_async_engine_client
[0;36m(APIServer pid=15661)[0;0m     async with build_async_engine_client_from_engine_args(
[0;36m(APIServer pid=15661)[0;0m   File "/usr/lib/python3.12/contextlib.py", line 210, in __aenter__
[0;36m(APIServer pid=15661)[0;0m     return await anext(self.gen)
[0;36m(APIServer pid=15661)[0;0m            ^^^^^^^^^^^^^^^^^^^^^
[0;36m(APIServer pid=15661)[0;0m   File "/root/vllm-env/lib/python3.12/site-packages/vllm/entrypoints/openai/api_server.py", line 214, in build_async_engine_client_from_engine_args
[0;36m(APIServer pid=15661)[0;0m     async_llm = AsyncLLM.from_vllm_config(
[0;36m(APIServer pid=15661)[0;0m                 ^^^^^^^^^^^^^^^^^^^^^^^^^^
[0;36m(APIServer pid=15661)[0;0m   File "/root/vllm-env/lib/python3.12/site-packages/vllm/v1/engine/async_llm.py", line 205, in from_vllm_config
[0;36m(APIServer pid=15661)[0;0m     return cls(
[0;36m(APIServer pid=15661)[0;0m            ^^^^
[0;36m(APIServer pid=15661)[0;0m   File "/root/vllm-env/lib/python3.12/site-packages/vllm/v1/engine/async_llm.py", line 132, in __init__
[0;36m(APIServer pid=15661)[0;0m     self.engine_core = EngineCoreClient.make_async_mp_client(
[0;36m(APIServer pid=15661)[0;0m                        ^^^^^^^^^^^^^^^^^^^^^^^^^^^^^^^^^^^^^^
[0;36m(APIServer pid=15661)[0;0m   File "/root/vllm-env/lib/python3.12/site-packages/vllm/v1/engine/core_client.py", line 122, in make_async_mp_client
[0;36m(APIServer pid=15661)[0;0m     return AsyncMPClient(*client_args)
[0;36m(APIServer pid=15661)[0;0m            ^^^^^^^^^^^^^^^^^^^^^^^^^^^
[0;36m(APIServer pid=15661)[0;0m   File "/root/vllm-env/lib/python3.12/site-packages/vllm/v1/engine/core_client.py", line 824, in __init__
[0;36m(APIServer pid=15661)[0;0m     super().__init__(
[0;36m(APIServer pid=15661)[0;0m   File "/root/vllm-env/lib/python3.12/site-packages/vllm/v1/engine/core_client.py", line 479, in __init__
[0;36m(APIServer pid=15661)[0;0m     with launch_core_engines(vllm_config, executor_class, log_stats) as (
[0;36m(APIServer pid=15661)[0;0m   File "/usr/lib/python3.12/contextlib.py", line 144, in __exit__
[0;36m(APIServer pid=15661)[0;0m     next(self.gen)
[0;36m(APIServer pid=15661)[0;0m   File "/root/vllm-env/lib/python3.12/site-packages/vllm/v1/engine/utils.py", line 921, in launch_core_engines
[0;36m(APIServer pid=15661)[0;0m     wait_for_engine_startup(
[0;36m(APIServer pid=15661)[0;0m   File "/root/vllm-env/lib/python3.12/site-packages/vllm/v1/engine/utils.py", line 980, in wait_for_engine_startup
[0;36m(APIServer pid=15661)[0;0m     raise RuntimeError(
[0;36m(APIServer pid=15661)[0;0m RuntimeError: Engine core initialization failed. See root cause above. Failed core proc(s): {}
